<?xml version="1.0" encoding="ISO-8859-1" standalone="yes"?>
<Document
  xsi:schemaLocation="urn:iso:std:iso:20022:tech:xsd:pain.001.003.03 pain.001.003.03.xsd"
  xmlns="urn:iso:std:iso:20022:tech:xsd:pain" xmlns:xsi="http://www.w3.org/2001/XMLSchema-instance">
  <CstmrCdtTrfInitn />
</Document>
